p/frame_192.png 1 0 0 240 240
p/frame_191.png 1 0 0 240 240
p/frame_190.png 1 0 0 240 240
p/frame_189.png 1 0 0 240 240
p/frame_188.png 1 0 0 240 240
p/frame_187.png 1 0 0 240 240
p/frame_186.png 1 0 0 240 240
p/frame_185.png 1 0 0 240 240
p/frame_184.png 1 0 0 240 240
p/frame_183.png 1 0 0 240 240
p/frame_128.png 1 0 0 240 240
p/frame_127.png 1 0 0 240 240
p/frame_126.png 1 0 0 240 240
p/frame_125.png 1 0 0 240 240
p/frame_124.png 1 0 0 240 240
p/frame_123.png 1 0 0 240 240
p/frame_122.png 1 0 0 240 240
p/frame_121.png 1 0 0 240 240
p/frame_120.png 1 0 0 240 240
p/frame_119.png 1 0 0 240 240
p/frame_118.png 1 0 0 240 240
p/frame_117.png 1 0 0 240 240
p/frame_116.png 1 0 0 240 240
p/frame_115.png 1 0 0 240 240
p/frame_114.png 1 0 0 240 240
p/frame_113.png 1 0 0 240 240
p/frame_112.png 1 0 0 240 240
p/frame_111.png 1 0 0 240 240
p/frame_110.png 1 0 0 240 240
p/frame_109.png 1 0 0 240 240
p/frame_108.png 1 0 0 240 240
p/frame_107.png 1 0 0 240 240
p/frame_106.png 1 0 0 240 240
p/frame_105.png 1 0 0 240 240
p/frame_104.png 1 0 0 240 240
p/frame_103.png 1 0 0 240 240
p/frame_102.png 1 0 0 240 240
p/frame_101.png 1 0 0 240 240
p/frame_100.png 1 0 0 240 240
p/frame_99.png 1 0 0 240 240
p/frame_98.png 1 0 0 240 240
p/frame_97.png 1 0 0 240 240
p/frame_96.png 1 0 0 240 240
p/frame_95.png 1 0 0 240 240
p/frame_94.png 1 0 0 240 240
p/frame_93.png 1 0 0 240 240
p/frame_92.png 1 0 0 240 240
p/frame_91.png 1 0 0 240 240
p/frame_90.png 1 0 0 240 240
p/frame_89.png 1 0 0 240 240
p/frame_88.png 1 0 0 240 240
p/frame_87.png 1 0 0 240 240
p/frame_86.png 1 0 0 240 240
p/frame_85.png 1 0 0 240 240
p/frame_84.png 1 0 0 240 240
p/frame_83.png 1 0 0 240 240
p/frame_82.png 1 0 0 240 240
p/frame_81.png 1 0 0 240 240
p/frame_80.png 1 0 0 240 240
p/frame_79.png 1 0 0 240 240
p/frame_78.png 1 0 0 240 240
p/frame_77.png 1 0 0 240 240
p/frame_76.png 1 0 0 240 240
p/frame_75.png 1 0 0 240 240
p/frame_74.png 1 0 0 240 240
p/frame_73.png 1 0 0 240 240
p/frame_72.png 1 0 0 240 240
p/frame_71.png 1 0 0 240 240
p/frame_70.png 1 0 0 240 240
p/frame_69.png 1 0 0 240 240
p/frame_68.png 1 0 0 240 240
p/frame_67.png 1 0 0 240 240
p/frame_66.png 1 0 0 240 240
p/frame_65.png 1 0 0 240 240
p/frame_64.png 1 0 0 240 240
p/frame_63.png 1 0 0 240 240
p/frame_62.png 1 0 0 240 240
p/frame_61.png 1 0 0 240 240
p/frame_60.png 1 0 0 240 240
p/frame_59.png 1 0 0 240 240
p/frame_58.png 1 0 0 240 240
p/frame_57.png 1 0 0 240 240
p/frame_56.png 1 0 0 240 240
p/frame_55.png 1 0 0 240 240
p/frame_54.png 1 0 0 240 240
p/frame_53.png 1 0 0 240 240
p/frame_52.png 1 0 0 240 240
p/frame_51.png 1 0 0 240 240
p/frame_50.png 1 0 0 240 240
p/frame_49.png 1 0 0 240 240